<?xml version="1.0" encoding="UTF-8"?>
<testng-results skipped="0" failed="0" ignored="0" total="1" passed="1">
  <reporter-output>
  </reporter-output>
  <suite name="Default suite" duration-ms="57918" started-at="2019-07-05T09:58:28Z" finished-at="2019-07-05T09:59:26Z">
    <groups>
    </groups>
    <test name="Default test" duration-ms="57918" started-at="2019-07-05T09:58:28Z" finished-at="2019-07-05T09:59:26Z">
      <class name="com.demo.mediware_casuality.Main">
        <test-method status="PASS" signature="load()[pri:0, instance:com.demo.mediware_casuality.Main@5e5792a0]" name="load" is-config="true" duration-ms="7287" started-at="2019-07-05T09:58:28Z" finished-at="2019-07-05T09:58:35Z">
          <reporter-output>
          </reporter-output>
        </test-method> <!-- load -->
        <test-method status="PASS" signature="before()[pri:0, instance:com.demo.mediware_casuality.Main@5e5792a0]" name="before" is-config="true" duration-ms="2" started-at="2019-07-05T09:58:35Z" finished-at="2019-07-05T09:58:35Z">
          <reporter-output>
          </reporter-output>
        </test-method> <!-- before -->
        <test-method status="PASS" signature="run()[pri:0, instance:com.demo.mediware_casuality.Main@5e5792a0]" name="run" duration-ms="50581" started-at="2019-07-05T09:58:35Z" finished-at="2019-07-05T09:59:26Z">
          <reporter-output>
          </reporter-output>
        </test-method> <!-- run -->
      </class> <!-- com.demo.mediware_casuality.Main -->
    </test> <!-- Default test -->
  </suite> <!-- Default suite -->
</testng-results>
