<?xml version="1.0" encoding="UTF-8"?>
<!-- Generated by org.testng.reporters.JUnitXMLReporter -->
<testsuite ignored="6" hostname="DESKTOP-TQ97EI8" failures="0" tests="11" name="Test" time="148.993" errors="0" timestamp="26 Jul 2019 09:30:43 GMT">
  <testcase classname="com.mediware.Mediware.Login" name="login" time="0.301"/>
  <testcase classname="com.mediware.Mediware.Appointment_take" name="application_selector" time="20.302"/>
  <testcase classname="com.mediware.Mediware.Registration" name="areg" time="34.898"/>
  <testcase classname="com.mediware.Mediware.Registration" name="bforeign" time="18.522"/>
  <testcase classname="com.mediware.Mediware.Vitals" name="vitalsEntry" time="6.404"/>
  <testcase classname="com.mediware.Mediware.VitalDetails" name="apatientSelect" time="5.236"/>
  <testcase classname="com.mediware.Mediware.VitalDetails" name="bvitalClick" time="3.842"/>
  <testcase classname="com.mediware.Mediware.VitalDetails" name="c_enterDetails" time="4.61"/>
  <testcase classname="com.mediware.Mediware.Vitals" name="vitalsEntry" time="4.25"/>
  <testcase classname="com.mediware.Mediware.EmrSelect" name="emrSelect" time="5.902"/>
  <testcase classname="com.mediware.Mediware.PerformEmr" name="doctorSelect" time="37.486"/>
  <testcase classname="com.mediware.Mediware.Base" name="@BeforeTest load" time="0.0">
    <ignored/>
  </testcase> <!-- @BeforeTest load -->
  <testcase classname="com.mediware.Mediware.Base" name="@BeforeTest load" time="0.0">
    <ignored/>
  </testcase> <!-- @BeforeTest load -->
  <testcase classname="com.mediware.Mediware.Base" name="@BeforeTest load" time="0.0">
    <ignored/>
  </testcase> <!-- @BeforeTest load -->
  <testcase classname="com.mediware.Mediware.Base" name="@BeforeTest load" time="0.0">
    <ignored/>
  </testcase> <!-- @BeforeTest load -->
  <testcase classname="com.mediware.Mediware.Base" name="@BeforeTest load" time="0.0">
    <ignored/>
  </testcase> <!-- @BeforeTest load -->
  <testcase classname="com.mediware.Mediware.Base" name="@BeforeTest load" time="0.0">
    <ignored/>
  </testcase> <!-- @BeforeTest load -->
</testsuite> <!-- Test -->
